  [4;36;1mSQL (0.1ms)[0m   [0;1mSET NAMES 'utf8'[0m
  [4;35;1mSQL (0.1ms)[0m   [0mSET SQL_AUTO_IS_NULL=0[0m
  [4;36;1mSQL (0.2ms)[0m   [0;1mSHOW TABLES[0m
  [4;35;1mSQL (31.1ms)[0m   [0mCREATE TABLE `schema_migrations` (`version` varchar(255) NOT NULL) ENGINE=InnoDB[0m
  [4;36;1mSQL (19.1ms)[0m   [0;1mCREATE UNIQUE INDEX `unique_schema_migrations` ON `schema_migrations` (`version`)[0m
  [4;35;1mSQL (0.3ms)[0m   [0mSHOW TABLES[0m
  [4;36;1mSQL (0.3ms)[0m   [0;1mSELECT version FROM schema_migrations[0m
Migrating to CreateUsers (20091126155520)
  [4;35;1mSQL (14.7ms)[0m   [0mCREATE TABLE `users` (`id` int(11) DEFAULT NULL auto_increment PRIMARY KEY, `created_at` datetime, `updated_at` datetime) ENGINE=InnoDB[0m
  [4;36;1mSQL (0.5ms)[0m   [0;1mINSERT INTO schema_migrations (version) VALUES ('20091126155520')[0m
  [4;35;1mSQL (0.3ms)[0m   [0mSHOW TABLES[0m
  [4;36;1mSQL (0.1ms)[0m   [0;1mSELECT version FROM schema_migrations[0m
  [4;35;1mSQL (0.1ms)[0m   [0mSHOW TABLES[0m
  [4;36;1mSQL (0.7ms)[0m   [0;1mSHOW FIELDS FROM `users`[0m
  [4;35;1mSQL (0.7ms)[0m   [0mdescribe `users`[0m
  [4;36;1mSQL (0.4ms)[0m   [0;1mSHOW KEYS FROM `users`[0m
  [4;36;1mSQL (0.1ms)[0m   [0;1mSET NAMES 'utf8'[0m
  [4;35;1mSQL (0.1ms)[0m   [0mSET SQL_AUTO_IS_NULL=0[0m
/!\ FAILSAFE /!\  Thu Dec 03 15:24:44 +0100 2009
  Status: 500 Internal Server Error
  Expected /users/info/licprosil_ars/philippemeyer/twilike/app/controllers/application_controller.rb to define ApplicationController
    /users/info/licprosil_ars/philippemeyer/.gem/ruby/1.8/gems/activesupport-2.3.4/lib/active_support/dependencies.rb:426:in `load_missing_constant'
    /users/info/licprosil_ars/philippemeyer/.gem/ruby/1.8/gems/activesupport-2.3.4/lib/active_support/dependencies.rb:80:in `const_missing'
    /users/info/licprosil_ars/philippemeyer/.gem/ruby/1.8/gems/activesupport-2.3.4/lib/active_support/dependencies.rb:92:in `const_missing'
    /users/info/licprosil_ars/philippemeyer/twilike/app/controllers/application_controller.rb:1
    /users/info/licprosil_ars/philippemeyer/.gem/ruby/1.8/gems/activesupport-2.3.4/lib/active_support/dependencies.rb:380:in `load_without_new_constant_marking'
    /users/info/licprosil_ars/philippemeyer/.gem/ruby/1.8/gems/activesupport-2.3.4/lib/active_support/dependencies.rb:380:in `load_file'
    /users/info/licprosil_ars/philippemeyer/.gem/ruby/1.8/gems/activesupport-2.3.4/lib/active_support/dependencies.rb:521:in `new_constants_in'
    /users/info/licprosil_ars/philippemeyer/.gem/ruby/1.8/gems/activesupport-2.3.4/lib/active_support/dependencies.rb:379:in `load_file'
    /users/info/licprosil_ars/philippemeyer/.gem/ruby/1.8/gems/activesupport-2.3.4/lib/active_support/dependencies.rb:259:in `require_or_load'
    /users/info/licprosil_ars/philippemeyer/.gem/ruby/1.8/gems/activesupport-2.3.4/lib/active_support/dependencies.rb:425:in `load_missing_constant'
    /users/info/licprosil_ars/philippemeyer/.gem/ruby/1.8/gems/activesupport-2.3.4/lib/active_support/dependencies.rb:80:in `const_missing'
    /users/info/licprosil_ars/philippemeyer/.gem/ruby/1.8/gems/activesupport-2.3.4/lib/active_support/dependencies.rb:92:in `const_missing'
    /users/info/licprosil_ars/philippemeyer/.gem/ruby/1.8/gems/actionpack-2.3.4/lib/action_controller/dispatcher.rb:89:in `dispatch'
    /users/info/licprosil_ars/philippemeyer/.gem/ruby/1.8/gems/actionpack-2.3.4/lib/action_controller/dispatcher.rb:121:in `_call'
    /users/info/licprosil_ars/philippemeyer/.gem/ruby/1.8/gems/actionpack-2.3.4/lib/action_controller/dispatcher.rb:130:in `build_middleware_stack'
    /users/info/licprosil_ars/philippemeyer/.gem/ruby/1.8/gems/activerecord-2.3.4/lib/active_record/query_cache.rb:29:in `call'
    /users/info/licprosil_ars/philippemeyer/.gem/ruby/1.8/gems/activerecord-2.3.4/lib/active_record/query_cache.rb:29:in `call'
    /users/info/licprosil_ars/philippemeyer/.gem/ruby/1.8/gems/activerecord-2.3.4/lib/active_record/connection_adapters/abstract/query_cache.rb:34:in `cache'
    /users/info/licprosil_ars/philippemeyer/.gem/ruby/1.8/gems/activerecord-2.3.4/lib/active_record/query_cache.rb:9:in `cache'
    /users/info/licprosil_ars/philippemeyer/.gem/ruby/1.8/gems/activerecord-2.3.4/lib/active_record/query_cache.rb:28:in `call'
    /users/info/licprosil_ars/philippemeyer/.gem/ruby/1.8/gems/activerecord-2.3.4/lib/active_record/connection_adapters/abstract/connection_pool.rb:361:in `call'
    /usr/lib/ruby/gems/1.8/gems/rack-1.0.1/lib/rack/head.rb:9:in `call'
    /usr/lib/ruby/gems/1.8/gems/rack-1.0.1/lib/rack/methodoverride.rb:24:in `call'
    /users/info/licprosil_ars/philippemeyer/.gem/ruby/1.8/gems/actionpack-2.3.4/lib/action_controller/params_parser.rb:15:in `call'
    /users/info/licprosil_ars/philippemeyer/.gem/ruby/1.8/gems/actionpack-2.3.4/lib/action_controller/session/cookie_store.rb:93:in `call'
    /users/info/licprosil_ars/philippemeyer/.gem/ruby/1.8/gems/actionpack-2.3.4/lib/action_controller/failsafe.rb:26:in `call'
    /usr/lib/ruby/gems/1.8/gems/rack-1.0.1/lib/rack/lock.rb:11:in `call'
    /usr/lib/ruby/gems/1.8/gems/rack-1.0.1/lib/rack/lock.rb:11:in `synchronize'
    /usr/lib/ruby/gems/1.8/gems/rack-1.0.1/lib/rack/lock.rb:11:in `call'
    /users/info/licprosil_ars/philippemeyer/.gem/ruby/1.8/gems/actionpack-2.3.4/lib/action_controller/dispatcher.rb:114:in `call'
    /users/info/licprosil_ars/philippemeyer/.gem/ruby/1.8/gems/actionpack-2.3.4/lib/action_controller/reloader.rb:34:in `run'
    /users/info/licprosil_ars/philippemeyer/.gem/ruby/1.8/gems/actionpack-2.3.4/lib/action_controller/dispatcher.rb:108:in `call'
    /users/info/licprosil_ars/philippemeyer/.gem/ruby/1.8/gems/rails-2.3.4/lib/rails/rack/static.rb:31:in `call'
    /usr/lib/ruby/gems/1.8/gems/rack-1.0.1/lib/rack/urlmap.rb:46:in `call'
    /usr/lib/ruby/gems/1.8/gems/rack-1.0.1/lib/rack/urlmap.rb:40:in `each'
    /usr/lib/ruby/gems/1.8/gems/rack-1.0.1/lib/rack/urlmap.rb:40:in `call'
    /users/info/licprosil_ars/philippemeyer/.gem/ruby/1.8/gems/rails-2.3.4/lib/rails/rack/log_tailer.rb:17:in `call'
    /usr/lib/ruby/gems/1.8/gems/rack-1.0.1/lib/rack/content_length.rb:13:in `call'
    /usr/lib/ruby/gems/1.8/gems/rack-1.0.1/lib/rack/handler/webrick.rb:50:in `service'
    /usr/lib/ruby/1.8/webrick/httpserver.rb:104:in `service'
    /usr/lib/ruby/1.8/webrick/httpserver.rb:65:in `run'
    /usr/lib/ruby/1.8/webrick/server.rb:173:in `start_thread'
    /usr/lib/ruby/1.8/webrick/server.rb:162:in `start'
    /usr/lib/ruby/1.8/webrick/server.rb:162:in `start_thread'
    /usr/lib/ruby/1.8/webrick/server.rb:95:in `start'
    /usr/lib/ruby/1.8/webrick/server.rb:92:in `each'
    /usr/lib/ruby/1.8/webrick/server.rb:92:in `start'
    /usr/lib/ruby/1.8/webrick/server.rb:23:in `start'
    /usr/lib/ruby/1.8/webrick/server.rb:82:in `start'
    /usr/lib/ruby/gems/1.8/gems/rack-1.0.1/lib/rack/handler/webrick.rb:14:in `run'
    /users/info/licprosil_ars/philippemeyer/.gem/ruby/1.8/gems/rails-2.3.4/lib/commands/server.rb:111
    /usr/lib/ruby/site_ruby/1.8/rubygems/custom_require.rb:31:in `gem_original_require'
    /usr/lib/ruby/site_ruby/1.8/rubygems/custom_require.rb:31:in `require'
    ./script/server:3
  [4;36;1mSQL (0.1ms)[0m   [0;1mSET NAMES 'utf8'[0m
  [4;35;1mSQL (0.1ms)[0m   [0mSET SQL_AUTO_IS_NULL=0[0m
/!\ FAILSAFE /!\  Thu Dec 03 15:24:51 +0100 2009
  Status: 500 Internal Server Error
  Expected /users/info/licprosil_ars/philippemeyer/twilike/app/controllers/application_controller.rb to define ApplicationController
    /users/info/licprosil_ars/philippemeyer/.gem/ruby/1.8/gems/activesupport-2.3.4/lib/active_support/dependencies.rb:426:in `load_missing_constant'
    /users/info/licprosil_ars/philippemeyer/.gem/ruby/1.8/gems/activesupport-2.3.4/lib/active_support/dependencies.rb:80:in `const_missing'
    /users/info/licprosil_ars/philippemeyer/.gem/ruby/1.8/gems/activesupport-2.3.4/lib/active_support/dependencies.rb:92:in `const_missing'
    /users/info/licprosil_ars/philippemeyer/twilike/app/controllers/application_controller.rb:1
    /users/info/licprosil_ars/philippemeyer/.gem/ruby/1.8/gems/activesupport-2.3.4/lib/active_support/dependencies.rb:380:in `load_without_new_constant_marking'
    /users/info/licprosil_ars/philippemeyer/.gem/ruby/1.8/gems/activesupport-2.3.4/lib/active_support/dependencies.rb:380:in `load_file'
    /users/info/licprosil_ars/philippemeyer/.gem/ruby/1.8/gems/activesupport-2.3.4/lib/active_support/dependencies.rb:521:in `new_constants_in'
    /users/info/licprosil_ars/philippemeyer/.gem/ruby/1.8/gems/activesupport-2.3.4/lib/active_support/dependencies.rb:379:in `load_file'
    /users/info/licprosil_ars/philippemeyer/.gem/ruby/1.8/gems/activesupport-2.3.4/lib/active_support/dependencies.rb:259:in `require_or_load'
    /users/info/licprosil_ars/philippemeyer/.gem/ruby/1.8/gems/activesupport-2.3.4/lib/active_support/dependencies.rb:425:in `load_missing_constant'
    /users/info/licprosil_ars/philippemeyer/.gem/ruby/1.8/gems/activesupport-2.3.4/lib/active_support/dependencies.rb:80:in `const_missing'
    /users/info/licprosil_ars/philippemeyer/.gem/ruby/1.8/gems/activesupport-2.3.4/lib/active_support/dependencies.rb:92:in `const_missing'
    /users/info/licprosil_ars/philippemeyer/.gem/ruby/1.8/gems/actionpack-2.3.4/lib/action_controller/dispatcher.rb:89:in `dispatch'
    /users/info/licprosil_ars/philippemeyer/.gem/ruby/1.8/gems/actionpack-2.3.4/lib/action_controller/dispatcher.rb:121:in `_call'
    /users/info/licprosil_ars/philippemeyer/.gem/ruby/1.8/gems/actionpack-2.3.4/lib/action_controller/dispatcher.rb:130:in `build_middleware_stack'
    /users/info/licprosil_ars/philippemeyer/.gem/ruby/1.8/gems/activerecord-2.3.4/lib/active_record/query_cache.rb:29:in `call'
    /users/info/licprosil_ars/philippemeyer/.gem/ruby/1.8/gems/activerecord-2.3.4/lib/active_record/query_cache.rb:29:in `call'
    /users/info/licprosil_ars/philippemeyer/.gem/ruby/1.8/gems/activerecord-2.3.4/lib/active_record/connection_adapters/abstract/query_cache.rb:34:in `cache'
    /users/info/licprosil_ars/philippemeyer/.gem/ruby/1.8/gems/activerecord-2.3.4/lib/active_record/query_cache.rb:9:in `cache'
    /users/info/licprosil_ars/philippemeyer/.gem/ruby/1.8/gems/activerecord-2.3.4/lib/active_record/query_cache.rb:28:in `call'
    /users/info/licprosil_ars/philippemeyer/.gem/ruby/1.8/gems/activerecord-2.3.4/lib/active_record/connection_adapters/abstract/connection_pool.rb:361:in `call'
    /usr/lib/ruby/gems/1.8/gems/rack-1.0.1/lib/rack/head.rb:9:in `call'
    /usr/lib/ruby/gems/1.8/gems/rack-1.0.1/lib/rack/methodoverride.rb:24:in `call'
    /users/info/licprosil_ars/philippemeyer/.gem/ruby/1.8/gems/actionpack-2.3.4/lib/action_controller/params_parser.rb:15:in `call'
    /users/info/licprosil_ars/philippemeyer/.gem/ruby/1.8/gems/actionpack-2.3.4/lib/action_controller/session/cookie_store.rb:93:in `call'
    /users/info/licprosil_ars/philippemeyer/.gem/ruby/1.8/gems/actionpack-2.3.4/lib/action_controller/failsafe.rb:26:in `call'
    /usr/lib/ruby/gems/1.8/gems/rack-1.0.1/lib/rack/lock.rb:11:in `call'
    /usr/lib/ruby/gems/1.8/gems/rack-1.0.1/lib/rack/lock.rb:11:in `synchronize'
    /usr/lib/ruby/gems/1.8/gems/rack-1.0.1/lib/rack/lock.rb:11:in `call'
    /users/info/licprosil_ars/philippemeyer/.gem/ruby/1.8/gems/actionpack-2.3.4/lib/action_controller/dispatcher.rb:114:in `call'
    /users/info/licprosil_ars/philippemeyer/.gem/ruby/1.8/gems/actionpack-2.3.4/lib/action_controller/reloader.rb:34:in `run'
    /users/info/licprosil_ars/philippemeyer/.gem/ruby/1.8/gems/actionpack-2.3.4/lib/action_controller/dispatcher.rb:108:in `call'
    /users/info/licprosil_ars/philippemeyer/.gem/ruby/1.8/gems/rails-2.3.4/lib/rails/rack/static.rb:31:in `call'
    /usr/lib/ruby/gems/1.8/gems/rack-1.0.1/lib/rack/urlmap.rb:46:in `call'
    /usr/lib/ruby/gems/1.8/gems/rack-1.0.1/lib/rack/urlmap.rb:40:in `each'
    /usr/lib/ruby/gems/1.8/gems/rack-1.0.1/lib/rack/urlmap.rb:40:in `call'
    /users/info/licprosil_ars/philippemeyer/.gem/ruby/1.8/gems/rails-2.3.4/lib/rails/rack/log_tailer.rb:17:in `call'
    /usr/lib/ruby/gems/1.8/gems/rack-1.0.1/lib/rack/content_length.rb:13:in `call'
    /usr/lib/ruby/gems/1.8/gems/rack-1.0.1/lib/rack/handler/webrick.rb:50:in `service'
    /usr/lib/ruby/1.8/webrick/httpserver.rb:104:in `service'
    /usr/lib/ruby/1.8/webrick/httpserver.rb:65:in `run'
    /usr/lib/ruby/1.8/webrick/server.rb:173:in `start_thread'
    /usr/lib/ruby/1.8/webrick/server.rb:162:in `start'
    /usr/lib/ruby/1.8/webrick/server.rb:162:in `start_thread'
    /usr/lib/ruby/1.8/webrick/server.rb:95:in `start'
    /usr/lib/ruby/1.8/webrick/server.rb:92:in `each'
    /usr/lib/ruby/1.8/webrick/server.rb:92:in `start'
    /usr/lib/ruby/1.8/webrick/server.rb:23:in `start'
    /usr/lib/ruby/1.8/webrick/server.rb:82:in `start'
    /usr/lib/ruby/gems/1.8/gems/rack-1.0.1/lib/rack/handler/webrick.rb:14:in `run'
    /users/info/licprosil_ars/philippemeyer/.gem/ruby/1.8/gems/rails-2.3.4/lib/commands/server.rb:111
    /usr/lib/ruby/site_ruby/1.8/rubygems/custom_require.rb:31:in `gem_original_require'
    /usr/lib/ruby/site_ruby/1.8/rubygems/custom_require.rb:31:in `require'
    ./script/server:3
  [4;36;1mSQL (0.1ms)[0m   [0;1mSET NAMES 'utf8'[0m
  [4;35;1mSQL (0.1ms)[0m   [0mSET SQL_AUTO_IS_NULL=0[0m
/!\ FAILSAFE /!\  Thu Dec 03 15:24:55 +0100 2009
  Status: 500 Internal Server Error
  Expected /users/info/licprosil_ars/philippemeyer/twilike/app/controllers/application_controller.rb to define ApplicationController
    /users/info/licprosil_ars/philippemeyer/.gem/ruby/1.8/gems/activesupport-2.3.4/lib/active_support/dependencies.rb:426:in `load_missing_constant'
    /users/info/licprosil_ars/philippemeyer/.gem/ruby/1.8/gems/activesupport-2.3.4/lib/active_support/dependencies.rb:80:in `const_missing'
    /users/info/licprosil_ars/philippemeyer/.gem/ruby/1.8/gems/activesupport-2.3.4/lib/active_support/dependencies.rb:92:in `const_missing'
    /users/info/licprosil_ars/philippemeyer/twilike/app/controllers/application_controller.rb:1
    /users/info/licprosil_ars/philippemeyer/.gem/ruby/1.8/gems/activesupport-2.3.4/lib/active_support/dependencies.rb:380:in `load_without_new_constant_marking'
    /users/info/licprosil_ars/philippemeyer/.gem/ruby/1.8/gems/activesupport-2.3.4/lib/active_support/dependencies.rb:380:in `load_file'
    /users/info/licprosil_ars/philippemeyer/.gem/ruby/1.8/gems/activesupport-2.3.4/lib/active_support/dependencies.rb:521:in `new_constants_in'
    /users/info/licprosil_ars/philippemeyer/.gem/ruby/1.8/gems/activesupport-2.3.4/lib/active_support/dependencies.rb:379:in `load_file'
    /users/info/licprosil_ars/philippemeyer/.gem/ruby/1.8/gems/activesupport-2.3.4/lib/active_support/dependencies.rb:259:in `require_or_load'
    /users/info/licprosil_ars/philippemeyer/.gem/ruby/1.8/gems/activesupport-2.3.4/lib/active_support/dependencies.rb:425:in `load_missing_constant'
    /users/info/licprosil_ars/philippemeyer/.gem/ruby/1.8/gems/activesupport-2.3.4/lib/active_support/dependencies.rb:80:in `const_missing'
    /users/info/licprosil_ars/philippemeyer/.gem/ruby/1.8/gems/activesupport-2.3.4/lib/active_support/dependencies.rb:92:in `const_missing'
    /users/info/licprosil_ars/philippemeyer/.gem/ruby/1.8/gems/actionpack-2.3.4/lib/action_controller/dispatcher.rb:89:in `dispatch'
    /users/info/licprosil_ars/philippemeyer/.gem/ruby/1.8/gems/actionpack-2.3.4/lib/action_controller/dispatcher.rb:121:in `_call'
    /users/info/licprosil_ars/philippemeyer/.gem/ruby/1.8/gems/actionpack-2.3.4/lib/action_controller/dispatcher.rb:130:in `build_middleware_stack'
    /users/info/licprosil_ars/philippemeyer/.gem/ruby/1.8/gems/activerecord-2.3.4/lib/active_record/query_cache.rb:29:in `call'
    /users/info/licprosil_ars/philippemeyer/.gem/ruby/1.8/gems/activerecord-2.3.4/lib/active_record/query_cache.rb:29:in `call'
    /users/info/licprosil_ars/philippemeyer/.gem/ruby/1.8/gems/activerecord-2.3.4/lib/active_record/connection_adapters/abstract/query_cache.rb:34:in `cache'
    /users/info/licprosil_ars/philippemeyer/.gem/ruby/1.8/gems/activerecord-2.3.4/lib/active_record/query_cache.rb:9:in `cache'
    /users/info/licprosil_ars/philippemeyer/.gem/ruby/1.8/gems/activerecord-2.3.4/lib/active_record/query_cache.rb:28:in `call'
    /users/info/licprosil_ars/philippemeyer/.gem/ruby/1.8/gems/activerecord-2.3.4/lib/active_record/connection_adapters/abstract/connection_pool.rb:361:in `call'
    /usr/lib/ruby/gems/1.8/gems/rack-1.0.1/lib/rack/head.rb:9:in `call'
    /usr/lib/ruby/gems/1.8/gems/rack-1.0.1/lib/rack/methodoverride.rb:24:in `call'
    /users/info/licprosil_ars/philippemeyer/.gem/ruby/1.8/gems/actionpack-2.3.4/lib/action_controller/params_parser.rb:15:in `call'
    /users/info/licprosil_ars/philippemeyer/.gem/ruby/1.8/gems/actionpack-2.3.4/lib/action_controller/session/cookie_store.rb:93:in `call'
    /users/info/licprosil_ars/philippemeyer/.gem/ruby/1.8/gems/actionpack-2.3.4/lib/action_controller/failsafe.rb:26:in `call'
    /usr/lib/ruby/gems/1.8/gems/rack-1.0.1/lib/rack/lock.rb:11:in `call'
    /usr/lib/ruby/gems/1.8/gems/rack-1.0.1/lib/rack/lock.rb:11:in `synchronize'
    /usr/lib/ruby/gems/1.8/gems/rack-1.0.1/lib/rack/lock.rb:11:in `call'
    /users/info/licprosil_ars/philippemeyer/.gem/ruby/1.8/gems/actionpack-2.3.4/lib/action_controller/dispatcher.rb:114:in `call'
    /users/info/licprosil_ars/philippemeyer/.gem/ruby/1.8/gems/actionpack-2.3.4/lib/action_controller/reloader.rb:34:in `run'
    /users/info/licprosil_ars/philippemeyer/.gem/ruby/1.8/gems/actionpack-2.3.4/lib/action_controller/dispatcher.rb:108:in `call'
    /users/info/licprosil_ars/philippemeyer/.gem/ruby/1.8/gems/rails-2.3.4/lib/rails/rack/static.rb:31:in `call'
    /usr/lib/ruby/gems/1.8/gems/rack-1.0.1/lib/rack/urlmap.rb:46:in `call'
    /usr/lib/ruby/gems/1.8/gems/rack-1.0.1/lib/rack/urlmap.rb:40:in `each'
    /usr/lib/ruby/gems/1.8/gems/rack-1.0.1/lib/rack/urlmap.rb:40:in `call'
    /users/info/licprosil_ars/philippemeyer/.gem/ruby/1.8/gems/rails-2.3.4/lib/rails/rack/log_tailer.rb:17:in `call'
    /usr/lib/ruby/gems/1.8/gems/rack-1.0.1/lib/rack/content_length.rb:13:in `call'
    /usr/lib/ruby/gems/1.8/gems/rack-1.0.1/lib/rack/handler/webrick.rb:50:in `service'
    /usr/lib/ruby/1.8/webrick/httpserver.rb:104:in `service'
    /usr/lib/ruby/1.8/webrick/httpserver.rb:65:in `run'
    /usr/lib/ruby/1.8/webrick/server.rb:173:in `start_thread'
    /usr/lib/ruby/1.8/webrick/server.rb:162:in `start'
    /usr/lib/ruby/1.8/webrick/server.rb:162:in `start_thread'
    /usr/lib/ruby/1.8/webrick/server.rb:95:in `start'
    /usr/lib/ruby/1.8/webrick/server.rb:92:in `each'
    /usr/lib/ruby/1.8/webrick/server.rb:92:in `start'
    /usr/lib/ruby/1.8/webrick/server.rb:23:in `start'
    /usr/lib/ruby/1.8/webrick/server.rb:82:in `start'
    /usr/lib/ruby/gems/1.8/gems/rack-1.0.1/lib/rack/handler/webrick.rb:14:in `run'
    /users/info/licprosil_ars/philippemeyer/.gem/ruby/1.8/gems/rails-2.3.4/lib/commands/server.rb:111
    /usr/lib/ruby/site_ruby/1.8/rubygems/custom_require.rb:31:in `gem_original_require'
    /usr/lib/ruby/site_ruby/1.8/rubygems/custom_require.rb:31:in `require'
    ./script/server:3
  [4;36;1mSQL (0.1ms)[0m   [0;1mSET NAMES 'utf8'[0m
  [4;35;1mSQL (0.1ms)[0m   [0mSET SQL_AUTO_IS_NULL=0[0m
/!\ FAILSAFE /!\  Thu Dec 03 15:24:59 +0100 2009
  Status: 500 Internal Server Error
  Expected /users/info/licprosil_ars/philippemeyer/twilike/app/controllers/application_controller.rb to define ApplicationController
    /users/info/licprosil_ars/philippemeyer/.gem/ruby/1.8/gems/activesupport-2.3.4/lib/active_support/dependencies.rb:426:in `load_missing_constant'
    /users/info/licprosil_ars/philippemeyer/.gem/ruby/1.8/gems/activesupport-2.3.4/lib/active_support/dependencies.rb:80:in `const_missing'
    /users/info/licprosil_ars/philippemeyer/.gem/ruby/1.8/gems/activesupport-2.3.4/lib/active_support/dependencies.rb:92:in `const_missing'
    /users/info/licprosil_ars/philippemeyer/twilike/app/controllers/application_controller.rb:1
    /users/info/licprosil_ars/philippemeyer/.gem/ruby/1.8/gems/activesupport-2.3.4/lib/active_support/dependencies.rb:380:in `load_without_new_constant_marking'
    /users/info/licprosil_ars/philippemeyer/.gem/ruby/1.8/gems/activesupport-2.3.4/lib/active_support/dependencies.rb:380:in `load_file'
    /users/info/licprosil_ars/philippemeyer/.gem/ruby/1.8/gems/activesupport-2.3.4/lib/active_support/dependencies.rb:521:in `new_constants_in'
    /users/info/licprosil_ars/philippemeyer/.gem/ruby/1.8/gems/activesupport-2.3.4/lib/active_support/dependencies.rb:379:in `load_file'
    /users/info/licprosil_ars/philippemeyer/.gem/ruby/1.8/gems/activesupport-2.3.4/lib/active_support/dependencies.rb:259:in `require_or_load'
    /users/info/licprosil_ars/philippemeyer/.gem/ruby/1.8/gems/activesupport-2.3.4/lib/active_support/dependencies.rb:425:in `load_missing_constant'
    /users/info/licprosil_ars/philippemeyer/.gem/ruby/1.8/gems/activesupport-2.3.4/lib/active_support/dependencies.rb:80:in `const_missing'
    /users/info/licprosil_ars/philippemeyer/.gem/ruby/1.8/gems/activesupport-2.3.4/lib/active_support/dependencies.rb:92:in `const_missing'
    /users/info/licprosil_ars/philippemeyer/.gem/ruby/1.8/gems/actionpack-2.3.4/lib/action_controller/dispatcher.rb:89:in `dispatch'
    /users/info/licprosil_ars/philippemeyer/.gem/ruby/1.8/gems/actionpack-2.3.4/lib/action_controller/dispatcher.rb:121:in `_call'
    /users/info/licprosil_ars/philippemeyer/.gem/ruby/1.8/gems/actionpack-2.3.4/lib/action_controller/dispatcher.rb:130:in `build_middleware_stack'
    /users/info/licprosil_ars/philippemeyer/.gem/ruby/1.8/gems/activerecord-2.3.4/lib/active_record/query_cache.rb:29:in `call'
    /users/info/licprosil_ars/philippemeyer/.gem/ruby/1.8/gems/activerecord-2.3.4/lib/active_record/query_cache.rb:29:in `call'
    /users/info/licprosil_ars/philippemeyer/.gem/ruby/1.8/gems/activerecord-2.3.4/lib/active_record/connection_adapters/abstract/query_cache.rb:34:in `cache'
    /users/info/licprosil_ars/philippemeyer/.gem/ruby/1.8/gems/activerecord-2.3.4/lib/active_record/query_cache.rb:9:in `cache'
    /users/info/licprosil_ars/philippemeyer/.gem/ruby/1.8/gems/activerecord-2.3.4/lib/active_record/query_cache.rb:28:in `call'
    /users/info/licprosil_ars/philippemeyer/.gem/ruby/1.8/gems/activerecord-2.3.4/lib/active_record/connection_adapters/abstract/connection_pool.rb:361:in `call'
    /usr/lib/ruby/gems/1.8/gems/rack-1.0.1/lib/rack/head.rb:9:in `call'
    /usr/lib/ruby/gems/1.8/gems/rack-1.0.1/lib/rack/methodoverride.rb:24:in `call'
    /users/info/licprosil_ars/philippemeyer/.gem/ruby/1.8/gems/actionpack-2.3.4/lib/action_controller/params_parser.rb:15:in `call'
    /users/info/licprosil_ars/philippemeyer/.gem/ruby/1.8/gems/actionpack-2.3.4/lib/action_controller/session/cookie_store.rb:93:in `call'
    /users/info/licprosil_ars/philippemeyer/.gem/ruby/1.8/gems/actionpack-2.3.4/lib/action_controller/failsafe.rb:26:in `call'
    /usr/lib/ruby/gems/1.8/gems/rack-1.0.1/lib/rack/lock.rb:11:in `call'
    /usr/lib/ruby/gems/1.8/gems/rack-1.0.1/lib/rack/lock.rb:11:in `synchronize'
    /usr/lib/ruby/gems/1.8/gems/rack-1.0.1/lib/rack/lock.rb:11:in `call'
    /users/info/licprosil_ars/philippemeyer/.gem/ruby/1.8/gems/actionpack-2.3.4/lib/action_controller/dispatcher.rb:114:in `call'
    /users/info/licprosil_ars/philippemeyer/.gem/ruby/1.8/gems/actionpack-2.3.4/lib/action_controller/reloader.rb:34:in `run'
    /users/info/licprosil_ars/philippemeyer/.gem/ruby/1.8/gems/actionpack-2.3.4/lib/action_controller/dispatcher.rb:108:in `call'
    /users/info/licprosil_ars/philippemeyer/.gem/ruby/1.8/gems/rails-2.3.4/lib/rails/rack/static.rb:31:in `call'
    /usr/lib/ruby/gems/1.8/gems/rack-1.0.1/lib/rack/urlmap.rb:46:in `call'
    /usr/lib/ruby/gems/1.8/gems/rack-1.0.1/lib/rack/urlmap.rb:40:in `each'
    /usr/lib/ruby/gems/1.8/gems/rack-1.0.1/lib/rack/urlmap.rb:40:in `call'
    /users/info/licprosil_ars/philippemeyer/.gem/ruby/1.8/gems/rails-2.3.4/lib/rails/rack/log_tailer.rb:17:in `call'
    /usr/lib/ruby/gems/1.8/gems/rack-1.0.1/lib/rack/content_length.rb:13:in `call'
    /usr/lib/ruby/gems/1.8/gems/rack-1.0.1/lib/rack/handler/webrick.rb:50:in `service'
    /usr/lib/ruby/1.8/webrick/httpserver.rb:104:in `service'
    /usr/lib/ruby/1.8/webrick/httpserver.rb:65:in `run'
    /usr/lib/ruby/1.8/webrick/server.rb:173:in `start_thread'
    /usr/lib/ruby/1.8/webrick/server.rb:162:in `start'
    /usr/lib/ruby/1.8/webrick/server.rb:162:in `start_thread'
    /usr/lib/ruby/1.8/webrick/server.rb:95:in `start'
    /usr/lib/ruby/1.8/webrick/server.rb:92:in `each'
    /usr/lib/ruby/1.8/webrick/server.rb:92:in `start'
    /usr/lib/ruby/1.8/webrick/server.rb:23:in `start'
    /usr/lib/ruby/1.8/webrick/server.rb:82:in `start'
    /usr/lib/ruby/gems/1.8/gems/rack-1.0.1/lib/rack/handler/webrick.rb:14:in `run'
    /users/info/licprosil_ars/philippemeyer/.gem/ruby/1.8/gems/rails-2.3.4/lib/commands/server.rb:111
    /usr/lib/ruby/site_ruby/1.8/rubygems/custom_require.rb:31:in `gem_original_require'
    /usr/lib/ruby/site_ruby/1.8/rubygems/custom_require.rb:31:in `require'
    ./script/server:3
  [4;36;1mSQL (0.1ms)[0m   [0;1mSET NAMES 'utf8'[0m
  [4;35;1mSQL (0.1ms)[0m   [0mSET SQL_AUTO_IS_NULL=0[0m
/!\ FAILSAFE /!\  Thu Dec 03 15:26:07 +0100 2009
  Status: 500 Internal Server Error
  Expected /users/info/licprosil_ars/philippemeyer/twilike/app/controllers/application_controller.rb to define ApplicationController
    /users/info/licprosil_ars/philippemeyer/.gem/ruby/1.8/gems/activesupport-2.3.4/lib/active_support/dependencies.rb:426:in `load_missing_constant'
    /users/info/licprosil_ars/philippemeyer/.gem/ruby/1.8/gems/activesupport-2.3.4/lib/active_support/dependencies.rb:80:in `const_missing'
    /users/info/licprosil_ars/philippemeyer/.gem/ruby/1.8/gems/activesupport-2.3.4/lib/active_support/dependencies.rb:92:in `const_missing'
    /users/info/licprosil_ars/philippemeyer/twilike/app/controllers/application_controller.rb:1
    /users/info/licprosil_ars/philippemeyer/.gem/ruby/1.8/gems/activesupport-2.3.4/lib/active_support/dependencies.rb:380:in `load_without_new_constant_marking'
    /users/info/licprosil_ars/philippemeyer/.gem/ruby/1.8/gems/activesupport-2.3.4/lib/active_support/dependencies.rb:380:in `load_file'
    /users/info/licprosil_ars/philippemeyer/.gem/ruby/1.8/gems/activesupport-2.3.4/lib/active_support/dependencies.rb:521:in `new_constants_in'
    /users/info/licprosil_ars/philippemeyer/.gem/ruby/1.8/gems/activesupport-2.3.4/lib/active_support/dependencies.rb:379:in `load_file'
    /users/info/licprosil_ars/philippemeyer/.gem/ruby/1.8/gems/activesupport-2.3.4/lib/active_support/dependencies.rb:259:in `require_or_load'
    /users/info/licprosil_ars/philippemeyer/.gem/ruby/1.8/gems/activesupport-2.3.4/lib/active_support/dependencies.rb:425:in `load_missing_constant'
    /users/info/licprosil_ars/philippemeyer/.gem/ruby/1.8/gems/activesupport-2.3.4/lib/active_support/dependencies.rb:80:in `const_missing'
    /users/info/licprosil_ars/philippemeyer/.gem/ruby/1.8/gems/activesupport-2.3.4/lib/active_support/dependencies.rb:92:in `const_missing'
    /users/info/licprosil_ars/philippemeyer/.gem/ruby/1.8/gems/actionpack-2.3.4/lib/action_controller/dispatcher.rb:89:in `dispatch'
    /users/info/licprosil_ars/philippemeyer/.gem/ruby/1.8/gems/actionpack-2.3.4/lib/action_controller/dispatcher.rb:121:in `_call'
    /users/info/licprosil_ars/philippemeyer/.gem/ruby/1.8/gems/actionpack-2.3.4/lib/action_controller/dispatcher.rb:130:in `build_middleware_stack'
    /users/info/licprosil_ars/philippemeyer/.gem/ruby/1.8/gems/activerecord-2.3.4/lib/active_record/query_cache.rb:29:in `call'
    /users/info/licprosil_ars/philippemeyer/.gem/ruby/1.8/gems/activerecord-2.3.4/lib/active_record/query_cache.rb:29:in `call'
    /users/info/licprosil_ars/philippemeyer/.gem/ruby/1.8/gems/activerecord-2.3.4/lib/active_record/connection_adapters/abstract/query_cache.rb:34:in `cache'
    /users/info/licprosil_ars/philippemeyer/.gem/ruby/1.8/gems/activerecord-2.3.4/lib/active_record/query_cache.rb:9:in `cache'
    /users/info/licprosil_ars/philippemeyer/.gem/ruby/1.8/gems/activerecord-2.3.4/lib/active_record/query_cache.rb:28:in `call'
    /users/info/licprosil_ars/philippemeyer/.gem/ruby/1.8/gems/activerecord-2.3.4/lib/active_record/connection_adapters/abstract/connection_pool.rb:361:in `call'
    /usr/lib/ruby/gems/1.8/gems/rack-1.0.1/lib/rack/head.rb:9:in `call'
    /usr/lib/ruby/gems/1.8/gems/rack-1.0.1/lib/rack/methodoverride.rb:24:in `call'
    /users/info/licprosil_ars/philippemeyer/.gem/ruby/1.8/gems/actionpack-2.3.4/lib/action_controller/params_parser.rb:15:in `call'
    /users/info/licprosil_ars/philippemeyer/.gem/ruby/1.8/gems/actionpack-2.3.4/lib/action_controller/session/cookie_store.rb:93:in `call'
    /users/info/licprosil_ars/philippemeyer/.gem/ruby/1.8/gems/actionpack-2.3.4/lib/action_controller/failsafe.rb:26:in `call'
    /usr/lib/ruby/gems/1.8/gems/rack-1.0.1/lib/rack/lock.rb:11:in `call'
    /usr/lib/ruby/gems/1.8/gems/rack-1.0.1/lib/rack/lock.rb:11:in `synchronize'
    /usr/lib/ruby/gems/1.8/gems/rack-1.0.1/lib/rack/lock.rb:11:in `call'
    /users/info/licprosil_ars/philippemeyer/.gem/ruby/1.8/gems/actionpack-2.3.4/lib/action_controller/dispatcher.rb:114:in `call'
    /users/info/licprosil_ars/philippemeyer/.gem/ruby/1.8/gems/actionpack-2.3.4/lib/action_controller/reloader.rb:34:in `run'
    /users/info/licprosil_ars/philippemeyer/.gem/ruby/1.8/gems/actionpack-2.3.4/lib/action_controller/dispatcher.rb:108:in `call'
    /users/info/licprosil_ars/philippemeyer/.gem/ruby/1.8/gems/rails-2.3.4/lib/rails/rack/static.rb:31:in `call'
    /usr/lib/ruby/gems/1.8/gems/rack-1.0.1/lib/rack/urlmap.rb:46:in `call'
    /usr/lib/ruby/gems/1.8/gems/rack-1.0.1/lib/rack/urlmap.rb:40:in `each'
    /usr/lib/ruby/gems/1.8/gems/rack-1.0.1/lib/rack/urlmap.rb:40:in `call'
    /users/info/licprosil_ars/philippemeyer/.gem/ruby/1.8/gems/rails-2.3.4/lib/rails/rack/log_tailer.rb:17:in `call'
    /usr/lib/ruby/gems/1.8/gems/rack-1.0.1/lib/rack/content_length.rb:13:in `call'
    /usr/lib/ruby/gems/1.8/gems/rack-1.0.1/lib/rack/handler/webrick.rb:50:in `service'
    /usr/lib/ruby/1.8/webrick/httpserver.rb:104:in `service'
    /usr/lib/ruby/1.8/webrick/httpserver.rb:65:in `run'
    /usr/lib/ruby/1.8/webrick/server.rb:173:in `start_thread'
    /usr/lib/ruby/1.8/webrick/server.rb:162:in `start'
    /usr/lib/ruby/1.8/webrick/server.rb:162:in `start_thread'
    /usr/lib/ruby/1.8/webrick/server.rb:95:in `start'
    /usr/lib/ruby/1.8/webrick/server.rb:92:in `each'
    /usr/lib/ruby/1.8/webrick/server.rb:92:in `start'
    /usr/lib/ruby/1.8/webrick/server.rb:23:in `start'
    /usr/lib/ruby/1.8/webrick/server.rb:82:in `start'
    /usr/lib/ruby/gems/1.8/gems/rack-1.0.1/lib/rack/handler/webrick.rb:14:in `run'
    /users/info/licprosil_ars/philippemeyer/.gem/ruby/1.8/gems/rails-2.3.4/lib/commands/server.rb:111
    /usr/lib/ruby/site_ruby/1.8/rubygems/custom_require.rb:31:in `gem_original_require'
    /usr/lib/ruby/site_ruby/1.8/rubygems/custom_require.rb:31:in `require'
    ./script/server:3
  [4;36;1mSQL (0.1ms)[0m   [0;1mSET NAMES 'utf8'[0m
  [4;35;1mSQL (0.1ms)[0m   [0mSET SQL_AUTO_IS_NULL=0[0m
/!\ FAILSAFE /!\  Thu Dec 03 15:27:25 +0100 2009
  Status: 500 Internal Server Error
  Expected /users/info/licprosil_ars/philippemeyer/twilike/app/controllers/application_controller.rb to define ApplicationController
    /users/info/licprosil_ars/philippemeyer/.gem/ruby/1.8/gems/activesupport-2.3.4/lib/active_support/dependencies.rb:426:in `load_missing_constant'
    /users/info/licprosil_ars/philippemeyer/.gem/ruby/1.8/gems/activesupport-2.3.4/lib/active_support/dependencies.rb:80:in `const_missing'
    /users/info/licprosil_ars/philippemeyer/.gem/ruby/1.8/gems/activesupport-2.3.4/lib/active_support/dependencies.rb:92:in `const_missing'
    /users/info/licprosil_ars/philippemeyer/twilike/app/controllers/application_controller.rb:1
    /users/info/licprosil_ars/philippemeyer/.gem/ruby/1.8/gems/activesupport-2.3.4/lib/active_support/dependencies.rb:380:in `load_without_new_constant_marking'
    /users/info/licprosil_ars/philippemeyer/.gem/ruby/1.8/gems/activesupport-2.3.4/lib/active_support/dependencies.rb:380:in `load_file'
    /users/info/licprosil_ars/philippemeyer/.gem/ruby/1.8/gems/activesupport-2.3.4/lib/active_support/dependencies.rb:521:in `new_constants_in'
    /users/info/licprosil_ars/philippemeyer/.gem/ruby/1.8/gems/activesupport-2.3.4/lib/active_support/dependencies.rb:379:in `load_file'
    /users/info/licprosil_ars/philippemeyer/.gem/ruby/1.8/gems/activesupport-2.3.4/lib/active_support/dependencies.rb:259:in `require_or_load'
    /users/info/licprosil_ars/philippemeyer/.gem/ruby/1.8/gems/activesupport-2.3.4/lib/active_support/dependencies.rb:425:in `load_missing_constant'
    /users/info/licprosil_ars/philippemeyer/.gem/ruby/1.8/gems/activesupport-2.3.4/lib/active_support/dependencies.rb:80:in `const_missing'
    /users/info/licprosil_ars/philippemeyer/.gem/ruby/1.8/gems/activesupport-2.3.4/lib/active_support/dependencies.rb:92:in `const_missing'
    /users/info/licprosil_ars/philippemeyer/.gem/ruby/1.8/gems/actionpack-2.3.4/lib/action_controller/dispatcher.rb:89:in `dispatch'
    /users/info/licprosil_ars/philippemeyer/.gem/ruby/1.8/gems/actionpack-2.3.4/lib/action_controller/dispatcher.rb:121:in `_call'
    /users/info/licprosil_ars/philippemeyer/.gem/ruby/1.8/gems/actionpack-2.3.4/lib/action_controller/dispatcher.rb:130:in `build_middleware_stack'
    /users/info/licprosil_ars/philippemeyer/.gem/ruby/1.8/gems/activerecord-2.3.4/lib/active_record/query_cache.rb:29:in `call'
    /users/info/licprosil_ars/philippemeyer/.gem/ruby/1.8/gems/activerecord-2.3.4/lib/active_record/query_cache.rb:29:in `call'
    /users/info/licprosil_ars/philippemeyer/.gem/ruby/1.8/gems/activerecord-2.3.4/lib/active_record/connection_adapters/abstract/query_cache.rb:34:in `cache'
    /users/info/licprosil_ars/philippemeyer/.gem/ruby/1.8/gems/activerecord-2.3.4/lib/active_record/query_cache.rb:9:in `cache'
    /users/info/licprosil_ars/philippemeyer/.gem/ruby/1.8/gems/activerecord-2.3.4/lib/active_record/query_cache.rb:28:in `call'
    /users/info/licprosil_ars/philippemeyer/.gem/ruby/1.8/gems/activerecord-2.3.4/lib/active_record/connection_adapters/abstract/connection_pool.rb:361:in `call'
    /usr/lib/ruby/gems/1.8/gems/rack-1.0.1/lib/rack/head.rb:9:in `call'
    /usr/lib/ruby/gems/1.8/gems/rack-1.0.1/lib/rack/methodoverride.rb:24:in `call'
    /users/info/licprosil_ars/philippemeyer/.gem/ruby/1.8/gems/actionpack-2.3.4/lib/action_controller/params_parser.rb:15:in `call'
    /users/info/licprosil_ars/philippemeyer/.gem/ruby/1.8/gems/actionpack-2.3.4/lib/action_controller/session/cookie_store.rb:93:in `call'
    /users/info/licprosil_ars/philippemeyer/.gem/ruby/1.8/gems/actionpack-2.3.4/lib/action_controller/failsafe.rb:26:in `call'
    /usr/lib/ruby/gems/1.8/gems/rack-1.0.1/lib/rack/lock.rb:11:in `call'
    /usr/lib/ruby/gems/1.8/gems/rack-1.0.1/lib/rack/lock.rb:11:in `synchronize'
    /usr/lib/ruby/gems/1.8/gems/rack-1.0.1/lib/rack/lock.rb:11:in `call'
    /users/info/licprosil_ars/philippemeyer/.gem/ruby/1.8/gems/actionpack-2.3.4/lib/action_controller/dispatcher.rb:114:in `call'
    /users/info/licprosil_ars/philippemeyer/.gem/ruby/1.8/gems/actionpack-2.3.4/lib/action_controller/reloader.rb:34:in `run'
    /users/info/licprosil_ars/philippemeyer/.gem/ruby/1.8/gems/actionpack-2.3.4/lib/action_controller/dispatcher.rb:108:in `call'
    /users/info/licprosil_ars/philippemeyer/.gem/ruby/1.8/gems/rails-2.3.4/lib/rails/rack/static.rb:31:in `call'
    /usr/lib/ruby/gems/1.8/gems/rack-1.0.1/lib/rack/urlmap.rb:46:in `call'
    /usr/lib/ruby/gems/1.8/gems/rack-1.0.1/lib/rack/urlmap.rb:40:in `each'
    /usr/lib/ruby/gems/1.8/gems/rack-1.0.1/lib/rack/urlmap.rb:40:in `call'
    /users/info/licprosil_ars/philippemeyer/.gem/ruby/1.8/gems/rails-2.3.4/lib/rails/rack/log_tailer.rb:17:in `call'
    /usr/lib/ruby/gems/1.8/gems/rack-1.0.1/lib/rack/content_length.rb:13:in `call'
    /usr/lib/ruby/gems/1.8/gems/rack-1.0.1/lib/rack/handler/webrick.rb:50:in `service'
    /usr/lib/ruby/1.8/webrick/httpserver.rb:104:in `service'
    /usr/lib/ruby/1.8/webrick/httpserver.rb:65:in `run'
    /usr/lib/ruby/1.8/webrick/server.rb:173:in `start_thread'
    /usr/lib/ruby/1.8/webrick/server.rb:162:in `start'
    /usr/lib/ruby/1.8/webrick/server.rb:162:in `start_thread'
    /usr/lib/ruby/1.8/webrick/server.rb:95:in `start'
    /usr/lib/ruby/1.8/webrick/server.rb:92:in `each'
    /usr/lib/ruby/1.8/webrick/server.rb:92:in `start'
    /usr/lib/ruby/1.8/webrick/server.rb:23:in `start'
    /usr/lib/ruby/1.8/webrick/server.rb:82:in `start'
    /usr/lib/ruby/gems/1.8/gems/rack-1.0.1/lib/rack/handler/webrick.rb:14:in `run'
    /users/info/licprosil_ars/philippemeyer/.gem/ruby/1.8/gems/rails-2.3.4/lib/commands/server.rb:111
    /usr/lib/ruby/site_ruby/1.8/rubygems/custom_require.rb:31:in `gem_original_require'
    /usr/lib/ruby/site_ruby/1.8/rubygems/custom_require.rb:31:in `require'
    ./script/server:3
  [4;36;1mSQL (0.1ms)[0m   [0;1mSET NAMES 'utf8'[0m
  [4;35;1mSQL (0.1ms)[0m   [0mSET SQL_AUTO_IS_NULL=0[0m
/!\ FAILSAFE /!\  Thu Dec 03 15:30:19 +0100 2009
  Status: 500 Internal Server Error
  Expected /users/info/licprosil_ars/philippemeyer/twilike/app/controllers/application_controller.rb to define ApplicationController
    /users/info/licprosil_ars/philippemeyer/.gem/ruby/1.8/gems/activesupport-2.3.4/lib/active_support/dependencies.rb:426:in `load_missing_constant'
    /users/info/licprosil_ars/philippemeyer/.gem/ruby/1.8/gems/activesupport-2.3.4/lib/active_support/dependencies.rb:80:in `const_missing'
    /users/info/licprosil_ars/philippemeyer/.gem/ruby/1.8/gems/activesupport-2.3.4/lib/active_support/dependencies.rb:92:in `const_missing'
    /users/info/licprosil_ars/philippemeyer/twilike/app/controllers/application_controller.rb:1
    /users/info/licprosil_ars/philippemeyer/.gem/ruby/1.8/gems/activesupport-2.3.4/lib/active_support/dependencies.rb:380:in `load_without_new_constant_marking'
    /users/info/licprosil_ars/philippemeyer/.gem/ruby/1.8/gems/activesupport-2.3.4/lib/active_support/dependencies.rb:380:in `load_file'
    /users/info/licprosil_ars/philippemeyer/.gem/ruby/1.8/gems/activesupport-2.3.4/lib/active_support/dependencies.rb:521:in `new_constants_in'
    /users/info/licprosil_ars/philippemeyer/.gem/ruby/1.8/gems/activesupport-2.3.4/lib/active_support/dependencies.rb:379:in `load_file'
    /users/info/licprosil_ars/philippemeyer/.gem/ruby/1.8/gems/activesupport-2.3.4/lib/active_support/dependencies.rb:259:in `require_or_load'
    /users/info/licprosil_ars/philippemeyer/.gem/ruby/1.8/gems/activesupport-2.3.4/lib/active_support/dependencies.rb:425:in `load_missing_constant'
    /users/info/licprosil_ars/philippemeyer/.gem/ruby/1.8/gems/activesupport-2.3.4/lib/active_support/dependencies.rb:80:in `const_missing'
    /users/info/licprosil_ars/philippemeyer/.gem/ruby/1.8/gems/activesupport-2.3.4/lib/active_support/dependencies.rb:92:in `const_missing'
    /users/info/licprosil_ars/philippemeyer/.gem/ruby/1.8/gems/actionpack-2.3.4/lib/action_controller/dispatcher.rb:89:in `dispatch'
    /users/info/licprosil_ars/philippemeyer/.gem/ruby/1.8/gems/actionpack-2.3.4/lib/action_controller/dispatcher.rb:121:in `_call'
    /users/info/licprosil_ars/philippemeyer/.gem/ruby/1.8/gems/actionpack-2.3.4/lib/action_controller/dispatcher.rb:130:in `build_middleware_stack'
    /users/info/licprosil_ars/philippemeyer/.gem/ruby/1.8/gems/activerecord-2.3.4/lib/active_record/query_cache.rb:29:in `call'
    /users/info/licprosil_ars/philippemeyer/.gem/ruby/1.8/gems/activerecord-2.3.4/lib/active_record/query_cache.rb:29:in `call'
    /users/info/licprosil_ars/philippemeyer/.gem/ruby/1.8/gems/activerecord-2.3.4/lib/active_record/connection_adapters/abstract/query_cache.rb:34:in `cache'
    /users/info/licprosil_ars/philippemeyer/.gem/ruby/1.8/gems/activerecord-2.3.4/lib/active_record/query_cache.rb:9:in `cache'
    /users/info/licprosil_ars/philippemeyer/.gem/ruby/1.8/gems/activerecord-2.3.4/lib/active_record/query_cache.rb:28:in `call'
    /users/info/licprosil_ars/philippemeyer/.gem/ruby/1.8/gems/activerecord-2.3.4/lib/active_record/connection_adapters/abstract/connection_pool.rb:361:in `call'
    /usr/lib/ruby/gems/1.8/gems/rack-1.0.1/lib/rack/head.rb:9:in `call'
    /usr/lib/ruby/gems/1.8/gems/rack-1.0.1/lib/rack/methodoverride.rb:24:in `call'
    /users/info/licprosil_ars/philippemeyer/.gem/ruby/1.8/gems/actionpack-2.3.4/lib/action_controller/params_parser.rb:15:in `call'
    /users/info/licprosil_ars/philippemeyer/.gem/ruby/1.8/gems/actionpack-2.3.4/lib/action_controller/session/cookie_store.rb:93:in `call'
    /users/info/licprosil_ars/philippemeyer/.gem/ruby/1.8/gems/actionpack-2.3.4/lib/action_controller/failsafe.rb:26:in `call'
    /usr/lib/ruby/gems/1.8/gems/rack-1.0.1/lib/rack/lock.rb:11:in `call'
    /usr/lib/ruby/gems/1.8/gems/rack-1.0.1/lib/rack/lock.rb:11:in `synchronize'
    /usr/lib/ruby/gems/1.8/gems/rack-1.0.1/lib/rack/lock.rb:11:in `call'
    /users/info/licprosil_ars/philippemeyer/.gem/ruby/1.8/gems/actionpack-2.3.4/lib/action_controller/dispatcher.rb:114:in `call'
    /users/info/licprosil_ars/philippemeyer/.gem/ruby/1.8/gems/actionpack-2.3.4/lib/action_controller/reloader.rb:34:in `run'
    /users/info/licprosil_ars/philippemeyer/.gem/ruby/1.8/gems/actionpack-2.3.4/lib/action_controller/dispatcher.rb:108:in `call'
    /users/info/licprosil_ars/philippemeyer/.gem/ruby/1.8/gems/rails-2.3.4/lib/rails/rack/static.rb:31:in `call'
    /usr/lib/ruby/gems/1.8/gems/rack-1.0.1/lib/rack/urlmap.rb:46:in `call'
    /usr/lib/ruby/gems/1.8/gems/rack-1.0.1/lib/rack/urlmap.rb:40:in `each'
    /usr/lib/ruby/gems/1.8/gems/rack-1.0.1/lib/rack/urlmap.rb:40:in `call'
    /users/info/licprosil_ars/philippemeyer/.gem/ruby/1.8/gems/rails-2.3.4/lib/rails/rack/log_tailer.rb:17:in `call'
    /usr/lib/ruby/gems/1.8/gems/rack-1.0.1/lib/rack/content_length.rb:13:in `call'
    /usr/lib/ruby/gems/1.8/gems/rack-1.0.1/lib/rack/handler/webrick.rb:50:in `service'
    /usr/lib/ruby/1.8/webrick/httpserver.rb:104:in `service'
    /usr/lib/ruby/1.8/webrick/httpserver.rb:65:in `run'
    /usr/lib/ruby/1.8/webrick/server.rb:173:in `start_thread'
    /usr/lib/ruby/1.8/webrick/server.rb:162:in `start'
    /usr/lib/ruby/1.8/webrick/server.rb:162:in `start_thread'
    /usr/lib/ruby/1.8/webrick/server.rb:95:in `start'
    /usr/lib/ruby/1.8/webrick/server.rb:92:in `each'
    /usr/lib/ruby/1.8/webrick/server.rb:92:in `start'
    /usr/lib/ruby/1.8/webrick/server.rb:23:in `start'
    /usr/lib/ruby/1.8/webrick/server.rb:82:in `start'
    /usr/lib/ruby/gems/1.8/gems/rack-1.0.1/lib/rack/handler/webrick.rb:14:in `run'
    /users/info/licprosil_ars/philippemeyer/.gem/ruby/1.8/gems/rails-2.3.4/lib/commands/server.rb:111
    /usr/lib/ruby/site_ruby/1.8/rubygems/custom_require.rb:31:in `gem_original_require'
    /usr/lib/ruby/site_ruby/1.8/rubygems/custom_require.rb:31:in `require'
    ./script/server:3
  [4;36;1mSQL (0.1ms)[0m   [0;1mSET NAMES 'utf8'[0m
  [4;35;1mSQL (0.1ms)[0m   [0mSET SQL_AUTO_IS_NULL=0[0m
/!\ FAILSAFE /!\  Thu Dec 03 15:30:40 +0100 2009
  Status: 500 Internal Server Error
  Expected /users/info/licprosil_ars/philippemeyer/twilike/app/controllers/application_controller.rb to define ApplicationController
    /users/info/licprosil_ars/philippemeyer/.gem/ruby/1.8/gems/activesupport-2.3.4/lib/active_support/dependencies.rb:426:in `load_missing_constant'
    /users/info/licprosil_ars/philippemeyer/.gem/ruby/1.8/gems/activesupport-2.3.4/lib/active_support/dependencies.rb:80:in `const_missing'
    /users/info/licprosil_ars/philippemeyer/.gem/ruby/1.8/gems/activesupport-2.3.4/lib/active_support/dependencies.rb:92:in `const_missing'
    /users/info/licprosil_ars/philippemeyer/twilike/app/controllers/application_controller.rb:1
    /users/info/licprosil_ars/philippemeyer/.gem/ruby/1.8/gems/activesupport-2.3.4/lib/active_support/dependencies.rb:380:in `load_without_new_constant_marking'
    /users/info/licprosil_ars/philippemeyer/.gem/ruby/1.8/gems/activesupport-2.3.4/lib/active_support/dependencies.rb:380:in `load_file'
    /users/info/licprosil_ars/philippemeyer/.gem/ruby/1.8/gems/activesupport-2.3.4/lib/active_support/dependencies.rb:521:in `new_constants_in'
    /users/info/licprosil_ars/philippemeyer/.gem/ruby/1.8/gems/activesupport-2.3.4/lib/active_support/dependencies.rb:379:in `load_file'
    /users/info/licprosil_ars/philippemeyer/.gem/ruby/1.8/gems/activesupport-2.3.4/lib/active_support/dependencies.rb:259:in `require_or_load'
    /users/info/licprosil_ars/philippemeyer/.gem/ruby/1.8/gems/activesupport-2.3.4/lib/active_support/dependencies.rb:425:in `load_missing_constant'
    /users/info/licprosil_ars/philippemeyer/.gem/ruby/1.8/gems/activesupport-2.3.4/lib/active_support/dependencies.rb:80:in `const_missing'
    /users/info/licprosil_ars/philippemeyer/.gem/ruby/1.8/gems/activesupport-2.3.4/lib/active_support/dependencies.rb:92:in `const_missing'
    /users/info/licprosil_ars/philippemeyer/.gem/ruby/1.8/gems/actionpack-2.3.4/lib/action_controller/dispatcher.rb:89:in `dispatch'
    /users/info/licprosil_ars/philippemeyer/.gem/ruby/1.8/gems/actionpack-2.3.4/lib/action_controller/dispatcher.rb:121:in `_call'
    /users/info/licprosil_ars/philippemeyer/.gem/ruby/1.8/gems/actionpack-2.3.4/lib/action_controller/dispatcher.rb:130:in `build_middleware_stack'
    /users/info/licprosil_ars/philippemeyer/.gem/ruby/1.8/gems/activerecord-2.3.4/lib/active_record/query_cache.rb:29:in `call'
    /users/info/licprosil_ars/philippemeyer/.gem/ruby/1.8/gems/activerecord-2.3.4/lib/active_record/query_cache.rb:29:in `call'
    /users/info/licprosil_ars/philippemeyer/.gem/ruby/1.8/gems/activerecord-2.3.4/lib/active_record/connection_adapters/abstract/query_cache.rb:34:in `cache'
    /users/info/licprosil_ars/philippemeyer/.gem/ruby/1.8/gems/activerecord-2.3.4/lib/active_record/query_cache.rb:9:in `cache'
    /users/info/licprosil_ars/philippemeyer/.gem/ruby/1.8/gems/activerecord-2.3.4/lib/active_record/query_cache.rb:28:in `call'
    /users/info/licprosil_ars/philippemeyer/.gem/ruby/1.8/gems/activerecord-2.3.4/lib/active_record/connection_adapters/abstract/connection_pool.rb:361:in `call'
    /usr/lib/ruby/gems/1.8/gems/rack-1.0.1/lib/rack/head.rb:9:in `call'
    /usr/lib/ruby/gems/1.8/gems/rack-1.0.1/lib/rack/methodoverride.rb:24:in `call'
    /users/info/licprosil_ars/philippemeyer/.gem/ruby/1.8/gems/actionpack-2.3.4/lib/action_controller/params_parser.rb:15:in `call'
    /users/info/licprosil_ars/philippemeyer/.gem/ruby/1.8/gems/actionpack-2.3.4/lib/action_controller/session/cookie_store.rb:93:in `call'
    /users/info/licprosil_ars/philippemeyer/.gem/ruby/1.8/gems/actionpack-2.3.4/lib/action_controller/failsafe.rb:26:in `call'
    /usr/lib/ruby/gems/1.8/gems/rack-1.0.1/lib/rack/lock.rb:11:in `call'
    /usr/lib/ruby/gems/1.8/gems/rack-1.0.1/lib/rack/lock.rb:11:in `synchronize'
    /usr/lib/ruby/gems/1.8/gems/rack-1.0.1/lib/rack/lock.rb:11:in `call'
    /users/info/licprosil_ars/philippemeyer/.gem/ruby/1.8/gems/actionpack-2.3.4/lib/action_controller/dispatcher.rb:114:in `call'
    /users/info/licprosil_ars/philippemeyer/.gem/ruby/1.8/gems/actionpack-2.3.4/lib/action_controller/reloader.rb:34:in `run'
    /users/info/licprosil_ars/philippemeyer/.gem/ruby/1.8/gems/actionpack-2.3.4/lib/action_controller/dispatcher.rb:108:in `call'
    /users/info/licprosil_ars/philippemeyer/.gem/ruby/1.8/gems/rails-2.3.4/lib/rails/rack/static.rb:31:in `call'
    /usr/lib/ruby/gems/1.8/gems/rack-1.0.1/lib/rack/urlmap.rb:46:in `call'
    /usr/lib/ruby/gems/1.8/gems/rack-1.0.1/lib/rack/urlmap.rb:40:in `each'
    /usr/lib/ruby/gems/1.8/gems/rack-1.0.1/lib/rack/urlmap.rb:40:in `call'
    /users/info/licprosil_ars/philippemeyer/.gem/ruby/1.8/gems/rails-2.3.4/lib/rails/rack/log_tailer.rb:17:in `call'
    /usr/lib/ruby/gems/1.8/gems/rack-1.0.1/lib/rack/content_length.rb:13:in `call'
    /usr/lib/ruby/gems/1.8/gems/rack-1.0.1/lib/rack/handler/webrick.rb:50:in `service'
    /usr/lib/ruby/1.8/webrick/httpserver.rb:104:in `service'
    /usr/lib/ruby/1.8/webrick/httpserver.rb:65:in `run'
    /usr/lib/ruby/1.8/webrick/server.rb:173:in `start_thread'
    /usr/lib/ruby/1.8/webrick/server.rb:162:in `start'
    /usr/lib/ruby/1.8/webrick/server.rb:162:in `start_thread'
    /usr/lib/ruby/1.8/webrick/server.rb:95:in `start'
    /usr/lib/ruby/1.8/webrick/server.rb:92:in `each'
    /usr/lib/ruby/1.8/webrick/server.rb:92:in `start'
    /usr/lib/ruby/1.8/webrick/server.rb:23:in `start'
    /usr/lib/ruby/1.8/webrick/server.rb:82:in `start'
    /usr/lib/ruby/gems/1.8/gems/rack-1.0.1/lib/rack/handler/webrick.rb:14:in `run'
    /users/info/licprosil_ars/philippemeyer/.gem/ruby/1.8/gems/rails-2.3.4/lib/commands/server.rb:111
    /usr/lib/ruby/site_ruby/1.8/rubygems/custom_require.rb:31:in `gem_original_require'
    /usr/lib/ruby/site_ruby/1.8/rubygems/custom_require.rb:31:in `require'
    ./script/server:3
  [4;36;1mSQL (0.1ms)[0m   [0;1mSET NAMES 'utf8'[0m
  [4;35;1mSQL (0.1ms)[0m   [0mSET SQL_AUTO_IS_NULL=0[0m


Processing UsersController#new (for 130.79.7.1 at 2009-12-03 15:36:20) [GET]
  Parameters: {"action"=>"new", "controller"=>"users"}
  [4;36;1mUser Columns (0.8ms)[0m   [0;1mSHOW FIELDS FROM `users`[0m
Rendering users/new
Completed in 45ms (View: 19, DB: 1) | 200 OK [http://codd.u-strasbg.fr/account/new]
  [4;35;1mSQL (0.1ms)[0m   [0mSET NAMES 'utf8'[0m
  [4;36;1mSQL (0.0ms)[0m   [0;1mSET SQL_AUTO_IS_NULL=0[0m


Processing ApplicationController#index (for 130.79.7.1 at 2009-12-03 15:36:21) [GET]

ActionController::RoutingError (No route matches "/images/modules/header/logov3.png" with {:method=>:get}):
  /usr/lib/ruby/1.8/webrick/httpserver.rb:104:in `service'
  /usr/lib/ruby/1.8/webrick/httpserver.rb:65:in `run'
  /usr/lib/ruby/1.8/webrick/server.rb:173:in `start_thread'
  /usr/lib/ruby/1.8/webrick/server.rb:162:in `start'
  /usr/lib/ruby/1.8/webrick/server.rb:162:in `start_thread'
  /usr/lib/ruby/1.8/webrick/server.rb:95:in `start'
  /usr/lib/ruby/1.8/webrick/server.rb:92:in `each'
  /usr/lib/ruby/1.8/webrick/server.rb:92:in `start'
  /usr/lib/ruby/1.8/webrick/server.rb:23:in `start'
  /usr/lib/ruby/1.8/webrick/server.rb:82:in `start'

Rendering rescues/layout (not_found)
  [4;35;1mSQL (0.1ms)[0m   [0mSET NAMES 'utf8'[0m
  [4;36;1mSQL (0.1ms)[0m   [0;1mSET SQL_AUTO_IS_NULL=0[0m


Processing ApplicationController#index (for 130.79.7.1 at 2009-12-03 15:36:21) [GET]

ActionController::RoutingError (No route matches "/images/icons/private.png" with {:method=>:get}):
  /usr/lib/ruby/1.8/webrick/httpserver.rb:104:in `service'
  /usr/lib/ruby/1.8/webrick/httpserver.rb:65:in `run'
  /usr/lib/ruby/1.8/webrick/server.rb:173:in `start_thread'
  /usr/lib/ruby/1.8/webrick/server.rb:162:in `start'
  /usr/lib/ruby/1.8/webrick/server.rb:162:in `start_thread'
  /usr/lib/ruby/1.8/webrick/server.rb:95:in `start'
  /usr/lib/ruby/1.8/webrick/server.rb:92:in `each'
  /usr/lib/ruby/1.8/webrick/server.rb:92:in `start'
  /usr/lib/ruby/1.8/webrick/server.rb:23:in `start'
  /usr/lib/ruby/1.8/webrick/server.rb:82:in `start'

Rendering rescues/layout (not_found)
  [4;35;1mSQL (0.0ms)[0m   [0mSET NAMES 'utf8'[0m
  [4;36;1mSQL (0.1ms)[0m   [0;1mSET SQL_AUTO_IS_NULL=0[0m


Processing ApplicationController#index (for 130.79.7.1 at 2009-12-03 15:36:21) [GET]

ActionController::RoutingError (No route matches "/images/icons/public.png" with {:method=>:get}):
  /usr/lib/ruby/1.8/webrick/httpserver.rb:104:in `service'
  /usr/lib/ruby/1.8/webrick/httpserver.rb:65:in `run'
  /usr/lib/ruby/1.8/webrick/server.rb:173:in `start_thread'
  /usr/lib/ruby/1.8/webrick/server.rb:162:in `start'
  /usr/lib/ruby/1.8/webrick/server.rb:162:in `start_thread'
  /usr/lib/ruby/1.8/webrick/server.rb:95:in `start'
  /usr/lib/ruby/1.8/webrick/server.rb:92:in `each'
  /usr/lib/ruby/1.8/webrick/server.rb:92:in `start'
  /usr/lib/ruby/1.8/webrick/server.rb:23:in `start'
  /usr/lib/ruby/1.8/webrick/server.rb:82:in `start'

Rendering rescues/layout (not_found)
  [4;35;1mSQL (0.1ms)[0m   [0mSET NAMES 'utf8'[0m
  [4;36;1mSQL (0.1ms)[0m   [0;1mSET SQL_AUTO_IS_NULL=0[0m


Processing ApplicationController#index (for 130.79.7.1 at 2009-12-03 15:36:22) [GET]

ActionController::RoutingError (No route matches "/flash/clippy.swf" with {:method=>:get}):
  /usr/lib/ruby/1.8/webrick/httpserver.rb:104:in `service'
  /usr/lib/ruby/1.8/webrick/httpserver.rb:65:in `run'
  /usr/lib/ruby/1.8/webrick/server.rb:173:in `start_thread'
  /usr/lib/ruby/1.8/webrick/server.rb:162:in `start'
  /usr/lib/ruby/1.8/webrick/server.rb:162:in `start_thread'
  /usr/lib/ruby/1.8/webrick/server.rb:95:in `start'
  /usr/lib/ruby/1.8/webrick/server.rb:92:in `each'
  /usr/lib/ruby/1.8/webrick/server.rb:92:in `start'
  /usr/lib/ruby/1.8/webrick/server.rb:23:in `start'
  /usr/lib/ruby/1.8/webrick/server.rb:82:in `start'

Rendering rescues/layout (not_found)
  [4;35;1mSQL (0.1ms)[0m   [0mSET NAMES 'utf8'[0m
  [4;36;1mSQL (0.1ms)[0m   [0;1mSET SQL_AUTO_IS_NULL=0[0m


Processing ApplicationController#index (for 130.79.7.1 at 2009-12-03 15:36:22) [GET]

ActionController::RoutingError (No route matches "/facebox/closelabel.gif" with {:method=>:get}):
  /usr/lib/ruby/1.8/webrick/httpserver.rb:104:in `service'
  /usr/lib/ruby/1.8/webrick/httpserver.rb:65:in `run'
  /usr/lib/ruby/1.8/webrick/server.rb:173:in `start_thread'
  /usr/lib/ruby/1.8/webrick/server.rb:162:in `start'
  /usr/lib/ruby/1.8/webrick/server.rb:162:in `start_thread'
  /usr/lib/ruby/1.8/webrick/server.rb:95:in `start'
  /usr/lib/ruby/1.8/webrick/server.rb:92:in `each'
  /usr/lib/ruby/1.8/webrick/server.rb:92:in `start'
  /usr/lib/ruby/1.8/webrick/server.rb:23:in `start'
  /usr/lib/ruby/1.8/webrick/server.rb:82:in `start'

Rendering rescues/layout (not_found)
  [4;35;1mSQL (0.1ms)[0m   [0mSET NAMES 'utf8'[0m
  [4;36;1mSQL (0.1ms)[0m   [0;1mSET SQL_AUTO_IS_NULL=0[0m


Processing ApplicationController#index (for 130.79.7.1 at 2009-12-03 15:36:22) [GET]

ActionController::RoutingError (No route matches "/facebox/loading.gif" with {:method=>:get}):
  /usr/lib/ruby/1.8/webrick/httpserver.rb:104:in `service'
  /usr/lib/ruby/1.8/webrick/httpserver.rb:65:in `run'
  /usr/lib/ruby/1.8/webrick/server.rb:173:in `start_thread'
  /usr/lib/ruby/1.8/webrick/server.rb:162:in `start'
  /usr/lib/ruby/1.8/webrick/server.rb:162:in `start_thread'
  /usr/lib/ruby/1.8/webrick/server.rb:95:in `start'
  /usr/lib/ruby/1.8/webrick/server.rb:92:in `each'
  /usr/lib/ruby/1.8/webrick/server.rb:92:in `start'
  /usr/lib/ruby/1.8/webrick/server.rb:23:in `start'
  /usr/lib/ruby/1.8/webrick/server.rb:82:in `start'

Rendering rescues/layout (not_found)
  [4;35;1mSQL (0.1ms)[0m   [0mSET NAMES 'utf8'[0m
  [4;36;1mSQL (0.1ms)[0m   [0;1mSET SQL_AUTO_IS_NULL=0[0m


Processing ApplicationController#index (for 130.79.7.1 at 2009-12-03 15:36:22) [GET]

ActionController::RoutingError (No route matches "/flash/clippy.swf" with {:method=>:get}):
  /usr/lib/ruby/1.8/webrick/httpserver.rb:104:in `service'
  /usr/lib/ruby/1.8/webrick/httpserver.rb:65:in `run'
  /usr/lib/ruby/1.8/webrick/server.rb:173:in `start_thread'
  /usr/lib/ruby/1.8/webrick/server.rb:162:in `start'
  /usr/lib/ruby/1.8/webrick/server.rb:162:in `start_thread'
  /usr/lib/ruby/1.8/webrick/server.rb:95:in `start'
  /usr/lib/ruby/1.8/webrick/server.rb:92:in `each'
  /usr/lib/ruby/1.8/webrick/server.rb:92:in `start'
  /usr/lib/ruby/1.8/webrick/server.rb:23:in `start'
  /usr/lib/ruby/1.8/webrick/server.rb:82:in `start'

Rendering rescues/layout (not_found)
  [4;35;1mSQL (0.1ms)[0m   [0mSET NAMES 'utf8'[0m
  [4;36;1mSQL (0.0ms)[0m   [0;1mSET SQL_AUTO_IS_NULL=0[0m


Processing ApplicationController#index (for 130.79.7.1 at 2009-12-03 15:36:22) [GET]

ActionController::RoutingError (No route matches "/flash/clippy.swf" with {:method=>:get}):
  /usr/lib/ruby/1.8/webrick/httpserver.rb:104:in `service'
  /usr/lib/ruby/1.8/webrick/httpserver.rb:65:in `run'
  /usr/lib/ruby/1.8/webrick/server.rb:173:in `start_thread'
  /usr/lib/ruby/1.8/webrick/server.rb:162:in `start'
  /usr/lib/ruby/1.8/webrick/server.rb:162:in `start_thread'
  /usr/lib/ruby/1.8/webrick/server.rb:95:in `start'
  /usr/lib/ruby/1.8/webrick/server.rb:92:in `each'
  /usr/lib/ruby/1.8/webrick/server.rb:92:in `start'
  /usr/lib/ruby/1.8/webrick/server.rb:23:in `start'
  /usr/lib/ruby/1.8/webrick/server.rb:82:in `start'

Rendering rescues/layout (not_found)
  [4;35;1mSQL (0.1ms)[0m   [0mSET NAMES 'utf8'[0m
  [4;36;1mSQL (0.1ms)[0m   [0;1mSET SQL_AUTO_IS_NULL=0[0m


Processing UsersController#new (for 130.79.7.1 at 2009-12-03 15:44:41) [GET]
  Parameters: {"action"=>"new", "controller"=>"users"}
  [4;35;1mUser Columns (0.8ms)[0m   [0mSHOW FIELDS FROM `users`[0m
Rendering users/new

ActionView::TemplateError (undefined method `login' for #<User id: nil, created_at: nil, updated_at: nil>) on line #2 of app/views/users/_form.erb:
1: <%= form.label :login %><br />
2: <%= form.text_field :login %><br />
3: <br />
4: <%= form.label :password, form.object.new_record? ? nil : "Change password" %><br />
5: <%= form.password_field :password %><br />

    app/views/users/_form.erb:2
    app/views/users/new.html.erb:5
    app/views/users/new.html.erb:3
    /usr/lib/ruby/1.8/webrick/httpserver.rb:104:in `service'
    /usr/lib/ruby/1.8/webrick/httpserver.rb:65:in `run'
    /usr/lib/ruby/1.8/webrick/server.rb:173:in `start_thread'
    /usr/lib/ruby/1.8/webrick/server.rb:162:in `start'
    /usr/lib/ruby/1.8/webrick/server.rb:162:in `start_thread'
    /usr/lib/ruby/1.8/webrick/server.rb:95:in `start'
    /usr/lib/ruby/1.8/webrick/server.rb:92:in `each'
    /usr/lib/ruby/1.8/webrick/server.rb:92:in `start'
    /usr/lib/ruby/1.8/webrick/server.rb:23:in `start'
    /usr/lib/ruby/1.8/webrick/server.rb:82:in `start'

Rendered rescues/_trace (47.1ms)
Rendered rescues/_request_and_response (1.3ms)
Rendering rescues/layout (internal_server_error)
